Determining if the pthread_create exist failed with the following output:
Change Dir: /home/jonas/Projects/UQCreator/code/build-src-Desktop-Default/blaze/src/blaze-build/CMakeFiles/CMakeTmp

Run Build Command:"/usr/bin/make" "cmTC_624c7/fast"
make[3]: Entering directory '/home/jonas/Projects/UQCreator/code/build-src-Desktop-Default/blaze/src/blaze-build/CMakeFiles/CMakeTmp'
/usr/bin/make -f CMakeFiles/cmTC_624c7.dir/build.make CMakeFiles/cmTC_624c7.dir/build
make[4]: Entering directory '/home/jonas/Projects/UQCreator/code/build-src-Desktop-Default/blaze/src/blaze-build/CMakeFiles/CMakeTmp'
Building C object CMakeFiles/cmTC_624c7.dir/CheckSymbolExists.c.o
/usr/bin/cc    -o CMakeFiles/cmTC_624c7.dir/CheckSymbolExists.c.o   -c /home/jonas/Projects/UQCreator/code/build-src-Desktop-Default/blaze/src/blaze-build/CMakeFiles/CMakeTmp/CheckSymbolExists.c
Linking C executable cmTC_624c7
/usr/bin/cmake -E cmake_link_script CMakeFiles/cmTC_624c7.dir/link.txt --verbose=1
/usr/bin/cc      CMakeFiles/cmTC_624c7.dir/CheckSymbolExists.c.o  -o cmTC_624c7 
CMakeFiles/cmTC_624c7.dir/CheckSymbolExists.c.o: In function `main':
CheckSymbolExists.c:(.text+0x1b): undefined reference to `pthread_create'
collect2: error: ld returned 1 exit status
make[4]: *** [CMakeFiles/cmTC_624c7.dir/build.make:98: cmTC_624c7] Error 1
make[4]: Leaving directory '/home/jonas/Projects/UQCreator/code/build-src-Desktop-Default/blaze/src/blaze-build/CMakeFiles/CMakeTmp'
make[3]: *** [Makefile:126: cmTC_624c7/fast] Error 2
make[3]: Leaving directory '/home/jonas/Projects/UQCreator/code/build-src-Desktop-Default/blaze/src/blaze-build/CMakeFiles/CMakeTmp'

File /home/jonas/Projects/UQCreator/code/build-src-Desktop-Default/blaze/src/blaze-build/CMakeFiles/CMakeTmp/CheckSymbolExists.c:
/* */
#include <pthread.h>

int main(int argc, char** argv)
{
  (void)argv;
#ifndef pthread_create
  return ((int*)(&pthread_create))[argc];
#else
  (void)argc;
  return 0;
#endif
}

Determining if the function pthread_create exists in the pthreads failed with the following output:
Change Dir: /home/jonas/Projects/UQCreator/code/build-src-Desktop-Default/blaze/src/blaze-build/CMakeFiles/CMakeTmp

Run Build Command:"/usr/bin/make" "cmTC_b5e62/fast"
make[3]: Entering directory '/home/jonas/Projects/UQCreator/code/build-src-Desktop-Default/blaze/src/blaze-build/CMakeFiles/CMakeTmp'
/usr/bin/make -f CMakeFiles/cmTC_b5e62.dir/build.make CMakeFiles/cmTC_b5e62.dir/build
make[4]: Entering directory '/home/jonas/Projects/UQCreator/code/build-src-Desktop-Default/blaze/src/blaze-build/CMakeFiles/CMakeTmp'
Building C object CMakeFiles/cmTC_b5e62.dir/CheckFunctionExists.c.o
/usr/bin/cc   -DCHECK_FUNCTION_EXISTS=pthread_create   -o CMakeFiles/cmTC_b5e62.dir/CheckFunctionExists.c.o   -c /usr/share/cmake-3.9/Modules/CheckFunctionExists.c
Linking C executable cmTC_b5e62
/usr/bin/cmake -E cmake_link_script CMakeFiles/cmTC_b5e62.dir/link.txt --verbose=1
/usr/bin/cc  -DCHECK_FUNCTION_EXISTS=pthread_create    CMakeFiles/cmTC_b5e62.dir/CheckFunctionExists.c.o  -o cmTC_b5e62 -lpthreads 
/usr/bin/ld: cannot find -lpthreads
collect2: error: ld returned 1 exit status
make[4]: *** [CMakeFiles/cmTC_b5e62.dir/build.make:98: cmTC_b5e62] Error 1
make[4]: Leaving directory '/home/jonas/Projects/UQCreator/code/build-src-Desktop-Default/blaze/src/blaze-build/CMakeFiles/CMakeTmp'
make[3]: *** [Makefile:126: cmTC_b5e62/fast] Error 2
make[3]: Leaving directory '/home/jonas/Projects/UQCreator/code/build-src-Desktop-Default/blaze/src/blaze-build/CMakeFiles/CMakeTmp'


