This is pdfTeX, Version 3.14159265-2.6-1.40.19 (TeX Live 2018/Arch Linux) (preloaded format=pdflatex 2019.4.30)  4 JUN 2019 12:14
entering extended mode
 restricted \write18 enabled.
 %&-line parsing enabled.
**main.tex -synctex=1
(./main.tex
LaTeX2e <2018-12-01>
(/usr/share/texmf-dist/tex/latex/elsarticle/elsarticle.cls
Document Class: elsarticle 2019/01/14, 3.1: Elsevier Ltd
\@bls=\dimen102
(/usr/share/texmf-dist/tex/latex/base/article.cls
Document Class: article 2018/09/03 v1.4i Standard LaTeX document class
(/usr/share/texmf-dist/tex/latex/base/size10.clo
File: size10.clo 2018/09/03 v1.4i Standard LaTeX file (size option)
)
\c@part=\count80
\c@section=\count81
\c@subsection=\count82
\c@subsubsection=\count83
\c@paragraph=\count84
\c@subparagraph=\count85
\c@figure=\count86
\c@table=\count87
\abovecaptionskip=\skip41
\belowcaptionskip=\skip42
\bibindent=\dimen103
)
(/usr/share/texmf-dist/tex/latex/graphics/graphicx.sty
Package: graphicx 2017/06/01 v1.1a Enhanced LaTeX Graphics (DPC,SPQR)

(/usr/share/texmf-dist/tex/latex/graphics/keyval.sty
Package: keyval 2014/10/28 v1.15 key=value parser (DPC)
\KV@toks@=\toks14
)
(/usr/share/texmf-dist/tex/latex/graphics/graphics.sty
Package: graphics 2017/06/25 v1.2c Standard LaTeX Graphics (DPC,SPQR)

(/usr/share/texmf-dist/tex/latex/graphics/trig.sty
Package: trig 2016/01/03 v1.10 sin cos tan (DPC)
)
(/usr/share/texmf-dist/tex/latex/graphics-cfg/graphics.cfg
File: graphics.cfg 2016/06/04 v1.11 sample graphics configuration
)
Package graphics Info: Driver file: pdftex.def on input line 99.

(/usr/share/texmf-dist/tex/latex/graphics-def/pdftex.def
File: pdftex.def 2018/01/08 v1.0l Graphics/color driver for pdftex
))
\Gin@req@height=\dimen104
\Gin@req@width=\dimen105
)
\c@tnote=\count88
\c@fnote=\count89
\c@cnote=\count90
\c@ead=\count91
\c@author=\count92
\@eadauthor=\toks15
\c@affn=\count93
\absbox=\box27
\keybox=\box28
\Columnwidth=\dimen106
\space@left=\dimen107
\els@boxa=\box29
\els@boxb=\box30
\leftMargin=\dimen108
\@enLab=\toks16
\@sep=\skip43
\@@sep=\skip44
 (./main.spl)
(/usr/share/texmf-dist/tex/latex/natbib/natbib.sty
Package: natbib 2010/09/13 8.31b (PWD, AO)
\bibhang=\skip45
\bibsep=\skip46
LaTeX Info: Redefining \cite on input line 694.
\c@NAT@ctr=\count94
)
\splwrite=\write3
\openout3 = `main.spl'.


(/usr/share/texmf-dist/tex/latex/geometry/geometry.sty
Package: geometry 2018/04/16 v5.8 Page Geometry

(/usr/share/texmf-dist/tex/generic/oberdiek/ifpdf.sty
Package: ifpdf 2018/09/07 v3.3 Provides the ifpdf switch
)
(/usr/share/texmf-dist/tex/generic/oberdiek/ifvtex.sty
Package: ifvtex 2016/05/16 v1.6 Detect VTeX and its facilities (HO)
Package ifvtex Info: VTeX not detected.
)
(/usr/share/texmf-dist/tex/generic/ifxetex/ifxetex.sty
Package: ifxetex 2010/09/12 v0.6 Provides ifxetex conditional
)
\Gm@cnth=\count95
\Gm@cntv=\count96
\c@Gm@tempcnt=\count97
\Gm@bindingoffset=\dimen109
\Gm@wd@mp=\dimen110
\Gm@odd@mp=\dimen111
\Gm@even@mp=\dimen112
\Gm@layoutwidth=\dimen113
\Gm@layoutheight=\dimen114
\Gm@layouthoffset=\dimen115
\Gm@layoutvoffset=\dimen116
\Gm@dimlist=\toks17
)
\appnamewidth=\dimen117
)
(/usr/share/texmf-dist/tex/latex/tools/bm.sty
Package: bm 2017/01/16 v1.2c Bold Symbol Support (DPC/FMi)
\symboldoperators=\mathgroup4
\symboldletters=\mathgroup5
\symboldsymbols=\mathgroup6
LaTeX Font Info:    Redeclaring math alphabet \mathbf on input line 141.
LaTeX Info: Redefining \bm on input line 207.
)
(/usr/share/texmf-dist/tex/latex/parskip/parskip.sty
Package: parskip 2019-01-16 v2.0c non-zero parskip adjustments

(/usr/share/texmf-dist/tex/latex/oberdiek/kvoptions.sty
Package: kvoptions 2016/05/16 v3.12 Key value format for package options (HO)

(/usr/share/texmf-dist/tex/generic/oberdiek/ltxcmds.sty
Package: ltxcmds 2016/05/16 v1.23 LaTeX kernel commands for general use (HO)
)
(/usr/share/texmf-dist/tex/generic/oberdiek/kvsetkeys.sty
Package: kvsetkeys 2016/05/16 v1.17 Key value parser (HO)

(/usr/share/texmf-dist/tex/generic/oberdiek/infwarerr.sty
Package: infwarerr 2016/05/16 v1.4 Providing info/warning/error messages (HO)
)
(/usr/share/texmf-dist/tex/generic/oberdiek/etexcmds.sty
Package: etexcmds 2016/05/16 v1.6 Avoid name clashes with e-TeX commands (HO)

(/usr/share/texmf-dist/tex/generic/oberdiek/ifluatex.sty
Package: ifluatex 2016/05/16 v1.4 Provides the ifluatex switch (HO)
Package ifluatex Info: LuaTeX not detected.
)
Package etexcmds Info: Could not find \expanded.
(etexcmds)             That can mean that you are not using pdfTeX 1.50 or
(etexcmds)             that some package has redefined \expanded.
(etexcmds)             In the latter case, load this package earlier.
)))
(/usr/share/texmf-dist/tex/latex/etoolbox/etoolbox.sty
Package: etoolbox 2018/08/19 v2.5f e-TeX tools for LaTeX (JAW)
\etb@tempcnta=\count98
))
(/usr/share/texmf-dist/tex/latex/base/inputenc.sty
Package: inputenc 2018/08/11 v1.3c Input encoding file
\inpenc@prehook=\toks18
\inpenc@posthook=\toks19
)
(/usr/share/texmf-dist/tex/latex/url/url.sty
\Urlmuskip=\muskip10
Package: url 2013/09/16  ver 3.4  Verb mode for urls, etc.
)
(/usr/share/texmf-dist/tex/latex/amsmath/amsmath.sty
Package: amsmath 2018/12/01 v2.17b AMS math features
\@mathmargin=\skip47

For additional information on amsmath, use the `?' option.
(/usr/share/texmf-dist/tex/latex/amsmath/amstext.sty
Package: amstext 2000/06/29 v2.01 AMS text

(/usr/share/texmf-dist/tex/latex/amsmath/amsgen.sty
File: amsgen.sty 1999/11/30 v2.0 generic functions
\@emptytoks=\toks20
\ex@=\dimen118
))
(/usr/share/texmf-dist/tex/latex/amsmath/amsbsy.sty
Package: amsbsy 1999/11/29 v1.2d Bold Symbols
LaTeX Info: Redefining \boldsymbol on input line 28.
\pmbraise@=\dimen119
)
(/usr/share/texmf-dist/tex/latex/amsmath/amsopn.sty
Package: amsopn 2016/03/08 v2.02 operator names
)
\inf@bad=\count99
LaTeX Info: Redefining \frac on input line 223.
\uproot@=\count100
\leftroot@=\count101
LaTeX Info: Redefining \overline on input line 385.
\classnum@=\count102
\DOTSCASE@=\count103
LaTeX Info: Redefining \ldots on input line 482.
LaTeX Info: Redefining \dots on input line 485.
LaTeX Info: Redefining \cdots on input line 606.
\Mathstrutbox@=\box31
\strutbox@=\box32
\big@size=\dimen120
LaTeX Font Info:    Redeclaring font encoding OML on input line 729.
LaTeX Font Info:    Redeclaring font encoding OMS on input line 730.
\macc@depth=\count104
\c@MaxMatrixCols=\count105
\dotsspace@=\muskip11
\c@parentequation=\count106
\dspbrk@lvl=\count107
\tag@help=\toks21
\row@=\count108
\column@=\count109
\maxfields@=\count110
\andhelp@=\toks22
\eqnshift@=\dimen121
\alignsep@=\dimen122
\tagshift@=\dimen123
\tagwidth@=\dimen124
\totwidth@=\dimen125
\lineht@=\dimen126
\@envbody=\toks23
\multlinegap=\skip48
\multlinetaggap=\skip49
\mathdisplay@stack=\toks24
LaTeX Info: Redefining \[ on input line 2844.
LaTeX Info: Redefining \] on input line 2845.
)
(/usr/share/texmf-dist/tex/latex/amsfonts/amssymb.sty
Package: amssymb 2013/01/14 v3.01 AMS font symbols

(/usr/share/texmf-dist/tex/latex/amsfonts/amsfonts.sty
Package: amsfonts 2013/01/14 v3.01 Basic AMSFonts support
\symAMSa=\mathgroup7
\symAMSb=\mathgroup8
LaTeX Font Info:    Overwriting math alphabet `\mathfrak' in version `bold'
(Font)                  U/euf/m/n --> U/euf/b/n on input line 106.
))
(/usr/share/texmf-dist/tex/latex/amscls/amsthm.sty
Package: amsthm 2017/10/31 v2.20.4
\thm@style=\toks25
\thm@bodyfont=\toks26
\thm@headfont=\toks27
\thm@notefont=\toks28
\thm@headpunct=\toks29
\thm@preskip=\skip50
\thm@postskip=\skip51
\thm@headsep=\skip52
\dth@everypar=\toks30
LaTeX Info: Redefining \qed on input line 274.
)
(/usr/share/texmf-dist/tex/latex/graphics/color.sty
Package: color 2016/07/10 v1.1e Standard LaTeX Color (DPC)

(/usr/share/texmf-dist/tex/latex/graphics-cfg/color.cfg
File: color.cfg 2016/01/02 v1.6 sample color configuration
)
Package color Info: Driver file: pdftex.def on input line 147.
)
(/usr/share/texmf-dist/tex/latex/caption/subcaption.sty
Package: subcaption 2018/05/01 v1.1-162 Sub-captions (AR)

(/usr/share/texmf-dist/tex/latex/caption/caption.sty
Package: caption 2018/10/06 v3.3-154 Customizing captions (AR)

(/usr/share/texmf-dist/tex/latex/caption/caption3.sty
Package: caption3 2018/09/12 v1.8c caption3 kernel (AR)
Package caption3 Info: TeX engine: e-TeX on input line 64.
\captionmargin=\dimen127
\captionmargin@=\dimen128
\captionwidth=\dimen129
\caption@tempdima=\dimen130
\caption@indent=\dimen131
\caption@parindent=\dimen132
\caption@hangindent=\dimen133
)
\c@caption@flags=\count111
\c@ContinuedFloat=\count112
)
\c@subfigure=\count113
\c@subtable=\count114
)
(/usr/share/texmf-dist/tex/latex/lipsum/lipsum.sty
(/usr/share/texmf-dist/tex/latex/l3kernel/expl3.sty
Package: expl3 2019-02-15 L3 programming layer (loader) 

(/usr/share/texmf-dist/tex/latex/l3kernel/expl3-code.tex
Package: expl3 2019-02-15 L3 programming layer (code)
\c_max_int=\count115
\l_tmpa_int=\count116
\l_tmpb_int=\count117
\g_tmpa_int=\count118
\g_tmpb_int=\count119
\g__kernel_prg_map_int=\count120
\c_log_iow=\count121
\l_iow_line_count_int=\count122
\l__iow_line_target_int=\count123
\l__iow_one_indent_int=\count124
\l__iow_indent_int=\count125
\c_zero_dim=\dimen134
\c_max_dim=\dimen135
\l_tmpa_dim=\dimen136
\l_tmpb_dim=\dimen137
\g_tmpa_dim=\dimen138
\g_tmpb_dim=\dimen139
\c_zero_skip=\skip53
\c_max_skip=\skip54
\l_tmpa_skip=\skip55
\l_tmpb_skip=\skip56
\g_tmpa_skip=\skip57
\g_tmpb_skip=\skip58
\c_zero_muskip=\muskip12
\c_max_muskip=\muskip13
\l_tmpa_muskip=\muskip14
\l_tmpb_muskip=\muskip15
\g_tmpa_muskip=\muskip16
\g_tmpb_muskip=\muskip17
\l_keys_choice_int=\count126
\l__intarray_loop_int=\count127
\c__intarray_sp_dim=\dimen140
\g__intarray_font_int=\count128
\c__fp_leading_shift_int=\count129
\c__fp_middle_shift_int=\count130
\c__fp_trailing_shift_int=\count131
\c__fp_big_leading_shift_int=\count132
\c__fp_big_middle_shift_int=\count133
\c__fp_big_trailing_shift_int=\count134
\c__fp_Bigg_leading_shift_int=\count135
\c__fp_Bigg_middle_shift_int=\count136
\c__fp_Bigg_trailing_shift_int=\count137
\c__kernel_randint_max_int=\count138
\g__fp_array_int=\count139
\l__fp_array_loop_int=\count140
\l__sort_length_int=\count141
\l__sort_min_int=\count142
\l__sort_top_int=\count143
\l__sort_max_int=\count144
\l__sort_true_max_int=\count145
\l__sort_block_int=\count146
\l__sort_begin_int=\count147
\l__sort_end_int=\count148
\l__sort_A_int=\count149
\l__sort_B_int=\count150
\l__sort_C_int=\count151
\l__tl_analysis_normal_int=\count152
\l__tl_analysis_index_int=\count153
\l__tl_analysis_nesting_int=\count154
\l__tl_analysis_type_int=\count155
\l__regex_internal_a_int=\count156
\l__regex_internal_b_int=\count157
\l__regex_internal_c_int=\count158
\l__regex_balance_int=\count159
\l__regex_group_level_int=\count160
\l__regex_mode_int=\count161
\c__regex_cs_in_class_mode_int=\count162
\c__regex_cs_mode_int=\count163
\l__regex_catcodes_int=\count164
\l__regex_default_catcodes_int=\count165
\c__regex_catcode_D_int=\count166
\c__regex_catcode_S_int=\count167
\c__regex_catcode_L_int=\count168
\c__regex_catcode_O_int=\count169
\c__regex_catcode_A_int=\count170
\c__regex_all_catcodes_int=\count171
\l__regex_show_lines_int=\count172
\l__regex_min_state_int=\count173
\l__regex_max_state_int=\count174
\l__regex_left_state_int=\count175
\l__regex_right_state_int=\count176
\l__regex_capturing_group_int=\count177
\l__regex_min_pos_int=\count178
\l__regex_max_pos_int=\count179
\l__regex_curr_pos_int=\count180
\l__regex_start_pos_int=\count181
\l__regex_success_pos_int=\count182
\l__regex_curr_char_int=\count183
\l__regex_curr_catcode_int=\count184
\l__regex_last_char_int=\count185
\l__regex_case_changed_char_int=\count186
\l__regex_curr_state_int=\count187
\l__regex_step_int=\count188
\l__regex_min_active_int=\count189
\l__regex_max_active_int=\count190
\l__regex_replacement_csnames_int=\count191
\l__regex_match_count_int=\count192
\l__regex_min_submatch_int=\count193
\l__regex_submatch_int=\count194
\l__regex_zeroth_submatch_int=\count195
\g__regex_trace_regex_int=\count196
\c_empty_box=\box33
\l_tmpa_box=\box34
\l_tmpb_box=\box35
\g_tmpa_box=\box36
\g_tmpb_box=\box37
\l__box_top_dim=\dimen141
\l__box_bottom_dim=\dimen142
\l__box_left_dim=\dimen143
\l__box_right_dim=\dimen144
\l__box_top_new_dim=\dimen145
\l__box_bottom_new_dim=\dimen146
\l__box_left_new_dim=\dimen147
\l__box_right_new_dim=\dimen148
\l__box_internal_box=\box38
\l__coffin_internal_box=\box39
\l__coffin_internal_dim=\dimen149
\l__coffin_offset_x_dim=\dimen150
\l__coffin_offset_y_dim=\dimen151
\l__coffin_x_dim=\dimen152
\l__coffin_y_dim=\dimen153
\l__coffin_x_prime_dim=\dimen154
\l__coffin_y_prime_dim=\dimen155
\c_empty_coffin=\box40
\l__coffin_aligned_coffin=\box41
\l__coffin_aligned_internal_coffin=\box42
\l_tmpa_coffin=\box43
\l_tmpb_coffin=\box44
\g_tmpa_coffin=\box45
\g_tmpb_coffin=\box46
\c__coffin_empty_coffin=\box47
\l__coffin_display_coffin=\box48
\l__coffin_display_coord_coffin=\box49
\l__coffin_display_pole_coffin=\box50
\l__coffin_display_offset_dim=\dimen156
\l__coffin_display_x_dim=\dimen157
\l__coffin_display_y_dim=\dimen158
\g__file_internal_ior=\read1
\l__coffin_bounding_shift_dim=\dimen159
\l__coffin_left_corner_dim=\dimen160
\l__coffin_right_corner_dim=\dimen161
\l__coffin_bottom_corner_dim=\dimen162
\l__coffin_top_corner_dim=\dimen163
\l__coffin_scaled_total_height_dim=\dimen164
\l__coffin_scaled_width_dim=\dimen165
\l__seq_internal_a_int=\count197
\l__seq_internal_b_int=\count198
)
(/usr/share/texmf-dist/tex/latex/l3kernel/l3pdfmode.def
File: l3pdfmode.def 2019-02-15 v L3 Experimental driver: PDF mode
\l__driver_color_stack_int=\count199
))
(/usr/share/texmf-dist/tex/latex/l3packages/xparse/xparse.sty
Package: xparse 2018-10-17 L3 Experimental document command parser
\l__xparse_current_arg_int=\count266
\g__xparse_grabber_int=\count267
\l__xparse_m_args_int=\count268
\l__xparse_mandatory_args_int=\count269
\l__xparse_v_nesting_int=\count270
)
Package: lipsum 2019/01/02 v2.2 150 paragraphs of Lorem Ipsum dummy text

(/usr/share/texmf-dist/tex/latex/lipsum/lipsum.ltd.tex
File: lipsum.ltd.tex 2019/01/02 v2.2 The Lorem ipsum dummy text
))
(/usr/share/texmf-dist/tex/latex/oberdiek/epstopdf.sty
Package: epstopdf 2016/05/15 v2.6 Conversion with epstopdf on the fly (HO)

(/usr/share/texmf-dist/tex/latex/oberdiek/epstopdf-base.sty
Package: epstopdf-base 2016/05/15 v2.6 Base part for package epstopdf

(/usr/share/texmf-dist/tex/latex/oberdiek/grfext.sty
Package: grfext 2016/05/16 v1.2 Manage graphics extensions (HO)

(/usr/share/texmf-dist/tex/generic/oberdiek/kvdefinekeys.sty
Package: kvdefinekeys 2016/05/16 v1.4 Define keys (HO)
))
(/usr/share/texmf-dist/tex/generic/oberdiek/pdftexcmds.sty
Package: pdftexcmds 2018/09/10 v0.29 Utility functions of pdfTeX for LuaTeX (HO
)
Package pdftexcmds Info: LuaTeX not detected.
Package pdftexcmds Info: \pdf@primitive is available.
Package pdftexcmds Info: \pdf@ifprimitive is available.
Package pdftexcmds Info: \pdfdraftmode found.
)
Package epstopdf-base Info: Redefining graphics rule for `.eps' on input line 4
38.
Package grfext Info: Graphics extension search list:
(grfext)             [.pdf,.png,.jpg,.mps,.jpeg,.jbig2,.jb2,.PDF,.PNG,.JPG,.JPE
G,.JBIG2,.JB2,.eps]
(grfext)             \AppendGraphicsExtensions on input line 456.

(/usr/share/texmf-dist/tex/latex/latexconfig/epstopdf-sys.cfg
File: epstopdf-sys.cfg 2010/07/13 v1.3 Configuration of (r)epstopdf for TeX Liv
e
)))
(/usr/share/texmf-dist/tex/latex/algorithms/algorithm.sty
Package: algorithm 2009/08/24 v0.1 Document Style `algorithm' - floating enviro
nment

(/usr/share/texmf-dist/tex/latex/float/float.sty
Package: float 2001/11/08 v1.3d Float enhancements (AL)
\c@float@type=\count271
\float@exts=\toks31
\float@box=\box51
\@float@everytoks=\toks32
\@floatcapt=\box52
)
(/usr/share/texmf-dist/tex/latex/base/ifthen.sty
Package: ifthen 2014/09/29 v1.1c Standard LaTeX ifthen package (DPC)
)
\@float@every@algorithm=\toks33
\c@algorithm=\count272
)
(/usr/share/texmf-dist/tex/latex/algorithmicx/algpseudocode.sty
Package: algpseudocode 

(/usr/share/texmf-dist/tex/latex/algorithmicx/algorithmicx.sty
Package: algorithmicx 2005/04/27 v1.2 Algorithmicx

Document Style algorithmicx 1.2 - a greatly improved `algorithmic' style
\c@ALG@line=\count273
\c@ALG@rem=\count274
\c@ALG@nested=\count275
\ALG@tlm=\skip59
\ALG@thistlm=\skip60
\c@ALG@Lnr=\count276
\c@ALG@blocknr=\count277
\c@ALG@storecount=\count278
\c@ALG@tmpcounter=\count279
\ALG@tmplength=\skip61
)
Document Style - pseudocode environments for use with the `algorithmicx' style
)
\c@theorem=\count280
\c@proposition=\count281
\myboxA=\box53
\myboxB=\box54
\mylenA=\skip62
 (./main.aux

LaTeX Warning: Label `fig:sub1' multiply defined.


LaTeX Warning: Label `fig:Obstacles2D' multiply defined.


LaTeX Warning: Label `fig:sub1' multiply defined.


LaTeX Warning: Label `fig:Obstacles2D' multiply defined.


LaTeX Warning: Label `fig:sub1' multiply defined.


LaTeX Warning: Label `fig:sub1' multiply defined.


LaTeX Warning: Label `sub@fig:sub1' multiply defined.


LaTeX Warning: Label `fig:sub2' multiply defined.


LaTeX Warning: Label `sub@fig:sub2' multiply defined.


LaTeX Warning: Label `fig:sub1' multiply defined.


LaTeX Warning: Label `sub@fig:sub1' multiply defined.


LaTeX Warning: Label `fig:sub2' multiply defined.


LaTeX Warning: Label `sub@fig:sub2' multiply defined.


LaTeX Warning: Label `fig:Obstacles2D' multiply defined.


LaTeX Warning: Label `fig:sub1' multiply defined.


LaTeX Warning: Label `sub@fig:sub1' multiply defined.


LaTeX Warning: Label `fig:sub2' multiply defined.


LaTeX Warning: Label `sub@fig:sub2' multiply defined.


LaTeX Warning: Label `fig:sub1' multiply defined.


LaTeX Warning: Label `sub@fig:sub1' multiply defined.


LaTeX Warning: Label `fig:sub2' multiply defined.


LaTeX Warning: Label `sub@fig:sub2' multiply defined.


LaTeX Warning: Label `fig:sub1' multiply defined.


LaTeX Warning: Label `sub@fig:sub1' multiply defined.


LaTeX Warning: Label `fig:sub2' multiply defined.


LaTeX Warning: Label `sub@fig:sub2' multiply defined.


LaTeX Warning: Label `fig:Obstacles2D' multiply defined.


LaTeX Warning: Label `fig:sub1' multiply defined.


LaTeX Warning: Label `sub@fig:sub1' multiply defined.


LaTeX Warning: Label `fig:sub2' multiply defined.


LaTeX Warning: Label `sub@fig:sub2' multiply defined.


LaTeX Warning: Label `fig:sub1' multiply defined.


LaTeX Warning: Label `sub@fig:sub1' multiply defined.


LaTeX Warning: Label `fig:sub2' multiply defined.


LaTeX Warning: Label `sub@fig:sub2' multiply defined.


LaTeX Warning: Label `fig:sub1' multiply defined.


LaTeX Warning: Label `sub@fig:sub1' multiply defined.


LaTeX Warning: Label `fig:Obstacles2D' multiply defined.


LaTeX Warning: Label `fig:sub1' multiply defined.


LaTeX Warning: Label `sub@fig:sub1' multiply defined.


LaTeX Warning: Label `fig:sub2' multiply defined.


LaTeX Warning: Label `sub@fig:sub2' multiply defined.


LaTeX Warning: Label `fig:sub1' multiply defined.


LaTeX Warning: Label `sub@fig:sub1' multiply defined.


LaTeX Warning: Label `fig:sub2' multiply defined.


LaTeX Warning: Label `sub@fig:sub2' multiply defined.


LaTeX Warning: Label `fig:sub1' multiply defined.


LaTeX Warning: Label `sub@fig:sub1' multiply defined.


LaTeX Warning: Label `fig:Obstacles2D' multiply defined.

)
\openout1 = `main.aux'.

LaTeX Font Info:    Checking defaults for OML/cmm/m/it on input line 93.
LaTeX Font Info:    ... okay on input line 93.
LaTeX Font Info:    Checking defaults for T1/cmr/m/n on input line 93.
LaTeX Font Info:    ... okay on input line 93.
LaTeX Font Info:    Checking defaults for OT1/cmr/m/n on input line 93.
LaTeX Font Info:    ... okay on input line 93.
LaTeX Font Info:    Checking defaults for OMS/cmsy/m/n on input line 93.
LaTeX Font Info:    ... okay on input line 93.
LaTeX Font Info:    Checking defaults for OMX/cmex/m/n on input line 93.
LaTeX Font Info:    ... okay on input line 93.
LaTeX Font Info:    Checking defaults for U/cmr/m/n on input line 93.
LaTeX Font Info:    ... okay on input line 93.
 (/usr/share/texmf-dist/tex/context/base/mkii/supp-pdf.mkii
[Loading MPS to PDF converter (version 2006.09.02).]
\scratchcounter=\count282
\scratchdimen=\dimen166
\scratchbox=\box55
\nofMPsegments=\count283
\nofMParguments=\count284
\everyMPshowfont=\toks34
\MPscratchCnt=\count285
\MPscratchDim=\dimen167
\MPnumerator=\count286
\makeMPintoPDFobject=\count287
\everyMPtoPDFconversion=\toks35
)
*geometry* driver: auto-detecting
*geometry* detected driver: pdftex
*geometry* verbose mode - [ preamble ] result:
* driver: pdftex
* paper: custom
* layout: <same size as paper>
* layoutoffset:(h,v)=(0.0pt,0.0pt)
* hratio: 1:1
* vratio: 1:1
* modes: 
* h-part:(L,W,R)=(64.75394pt, 468.0pt, 64.75394pt)
* v-part:(T,H,B)=(111.52342pt, 622.0pt, 111.52342pt)
* \paperwidth=597.50787pt
* \paperheight=845.04684pt
* \textwidth=468.0pt
* \textheight=622.0pt
* \oddsidemargin=-7.51605pt
* \evensidemargin=-7.51605pt
* \topmargin=-22.74657pt
* \headheight=50.0pt
* \headsep=12.0pt
* \topskip=10.0pt
* \footskip=18.0pt
* \marginparwidth=65.0pt
* \marginparsep=11.0pt
* \columnsep=24.0pt
* \skip\footins=24.0pt plus 2.0pt minus 12.0pt
* \hoffset=0.0pt
* \voffset=0.0pt
* \mag=1000
* \@twocolumnfalse
* \@twosidefalse
* \@mparswitchfalse
* \@reversemarginfalse
* (1in=72.27pt=25.4mm, 1cm=28.453pt)

Package caption Info: Begin \AtBeginDocument code.
Package caption Info: float package is loaded.
Package caption Info: End \AtBeginDocument code.
LaTeX Font Info:    Try loading font information for U+msa on input line 119.
(/usr/share/texmf-dist/tex/latex/amsfonts/umsa.fd
File: umsa.fd 2013/01/14 v3.01 AMS symbols A
)
LaTeX Font Info:    Try loading font information for U+msb on input line 119.

(/usr/share/texmf-dist/tex/latex/amsfonts/umsb.fd
File: umsb.fd 2013/01/14 v3.01 AMS symbols B
) (./introduction.tex
Underfull \hbox (badness 10000) in paragraph at lines 16--18

 []


Overfull \hbox (2.22221pt too wide) has occurred while \output is active
[] 
 []

[1

{/var/lib/texmf/fonts/map/pdftex/updmap/pdftex.map}] [2]
Underfull \hbox (badness 10000) in paragraph at lines 66--67

 []

LaTeX Font Info:    Try loading font information for OMS+cmr on input line 71.
(/usr/share/texmf-dist/tex/latex/base/omscmr.fd
File: omscmr.fd 2014/09/29 v2.5h Standard LaTeX font definitions
)
LaTeX Font Info:    Font shape `OMS/cmr/m/n' in size <10> not available
(Font)              Font shape `OMS/cmsy/m/n' tried instead on input line 71.
 [3]) (./framework.tex [4]
[5]) (./colloc_ipm.tex [6]) (./one_shot_ipm.tex [7] [8]) (./results.tex
[9]
<figs/L2_error_E[rho]osIPMIPMCol.pdf, id=53, 462.52798pt x 346.89601pt>
File: figs/L2_error_E[rho]osIPMIPMCol.pdf Graphic file (type pdf)
<use figs/L2_error_E[rho]osIPMIPMCol.pdf>
Package pdftex.def Info: figs/L2_error_E[rho]osIPMIPMCol.pdf  used on input lin
e 10.
(pdftex.def)             Requested size: 323.76736pt x 242.82555pt.
<figs/L2_error_E[rho].pdf, id=54, 462.52798pt x 346.89601pt>
File: figs/L2_error_E[rho].pdf Graphic file (type pdf)
<use figs/L2_error_E[rho].pdf>
Package pdftex.def Info: figs/L2_error_E[rho].pdf  used on input line 19.
(pdftex.def)             Requested size: 323.76736pt x 242.82555pt.


LaTeX Warning: `!h' float specifier changed to `!ht'.

<figs/convergence_runtime_residual.pdf, id=55, 462.52798pt x 346.89601pt>
File: figs/convergence_runtime_residual.pdf Graphic file (type pdf)
<use figs/convergence_runtime_residual.pdf>
Package pdftex.def Info: figs/convergence_runtime_residual.pdf  used on input l
ine 28.
(pdftex.def)             Requested size: 323.76736pt x 242.82555pt.

LaTeX Warning: `!h' float specifier changed to `!ht'.

[10 <./figs/L2_error_E[rho]osIPMIPMCol.pdf>] [11 <./figs/L2_error_E[rho].pdf> <
./figs/convergence_runtime_residual.pdf

pdfTeX warning: /usr/bin/pdflatex (file ./figs/convergence_runtime_residual.pdf
): PDF inclusion: multiple pdfs with page group included in a single page
>]
*geometry* verbose mode - [ newgeometry ] result:
* driver: pdftex
* paper: custom
* layout: <same size as paper>
* layoutoffset:(h,v)=(0.0pt,0.0pt)
* modes: 
* h-part:(L,W,R)=(28.45274pt, 479.42804pt, 89.62709pt)
* v-part:(T,H,B)=(42.67912pt, 700.96107pt, 101.40665pt)
* \paperwidth=597.50787pt
* \paperheight=845.04684pt
* \textwidth=479.42804pt
* \textheight=700.96107pt
* \oddsidemargin=-43.81725pt
* \evensidemargin=-43.81725pt
* \topmargin=-91.59087pt
* \headheight=50.0pt
* \headsep=12.0pt
* \topskip=10.0pt
* \footskip=18.0pt
* \marginparwidth=65.0pt
* \marginparsep=11.0pt
* \columnsep=24.0pt
* \skip\footins=24.0pt plus 2.0pt minus 12.0pt
* \hoffset=0.0pt
* \voffset=0.0pt
* \mag=1000
* \@twocolumnfalse
* \@twosidefalse
* \@mparswitchfalse
* \@reversemarginfalse
* (1in=72.27pt=25.4mm, 1cm=28.453pt)

<figs/expectedRho/euler2D_nacaCoarse_sc_n5_s05_aoa.png, id=170, 742.775pt x 756
.8275pt>
File: figs/expectedRho/euler2D_nacaCoarse_sc_n5_s05_aoa.png Graphic file (type 
png)
<use figs/expectedRho/euler2D_nacaCoarse_sc_n5_s05_aoa.png>
Package pdftex.def Info: figs/expectedRho/euler2D_nacaCoarse_sc_n5_s05_aoa.png 
 used on input line 39.
(pdftex.def)             Requested size: 148.55237pt x 151.36281pt.
<figs/expectedRho/euler2D_nacaCoarse_sg_n5_nq10_s05_aoa.png, id=171, 742.775pt 
x 756.8275pt>
File: figs/expectedRho/euler2D_nacaCoarse_sg_n5_nq10_s05_aoa.png Graphic file (
type png)
<use figs/expectedRho/euler2D_nacaCoarse_sg_n5_nq10_s05_aoa.png>
Package pdftex.def Info: figs/expectedRho/euler2D_nacaCoarse_sg_n5_nq10_s05_aoa
.png  used on input line 44.
(pdftex.def)             Requested size: 148.55237pt x 151.36281pt.
<figs/expectedRho/euler2D_nacaCoarse_ipm_n5_nq10_s05_aoa.png, id=172, 742.775pt
 x 756.8275pt>
File: figs/expectedRho/euler2D_nacaCoarse_ipm_n5_nq10_s05_aoa.png Graphic file 
(type png)
<use figs/expectedRho/euler2D_nacaCoarse_ipm_n5_nq10_s05_aoa.png>
Package pdftex.def Info: figs/expectedRho/euler2D_nacaCoarse_ipm_n5_nq10_s05_ao
a.png  used on input line 49.
(pdftex.def)             Requested size: 148.55237pt x 151.36281pt.
<figs/expectedRho/euler2D_nacaCoarse_caipm_n10_nq15_s05_aoa.png, id=173, 742.77
5pt x 756.8275pt>
File: figs/expectedRho/euler2D_nacaCoarse_caipm_n10_nq15_s05_aoa.png Graphic fi
le (type png)
<use figs/expectedRho/euler2D_nacaCoarse_caipm_n10_nq15_s05_aoa.png>
Package pdftex.def Info: figs/expectedRho/euler2D_nacaCoarse_caipm_n10_nq15_s05
_aoa.png  used on input line 55.
(pdftex.def)             Requested size: 148.55237pt x 151.36281pt.
<figs/expectedRho/euler2D_nacaCoarse_caosipm_n10_nq15_s05_aoa.png, id=174, 742.
775pt x 756.8275pt>
File: figs/expectedRho/euler2D_nacaCoarse_caosipm_n10_nq15_s05_aoa.png Graphic 
file (type png)
<use figs/expectedRho/euler2D_nacaCoarse_caosipm_n10_nq15_s05_aoa.png>
Package pdftex.def Info: figs/expectedRho/euler2D_nacaCoarse_caosipm_n10_nq15_s
05_aoa.png  used on input line 60.
(pdftex.def)             Requested size: 148.55237pt x 151.36281pt.
<figs/expectedRho/euler2D_nacaCoarse_sc_n50_s05_aoa_legend.png, id=175, 742.775
pt x 756.8275pt>
File: figs/expectedRho/euler2D_nacaCoarse_sc_n50_s05_aoa_legend.png Graphic fil
e (type png)
<use figs/expectedRho/euler2D_nacaCoarse_sc_n50_s05_aoa_legend.png>
Package pdftex.def Info: figs/expectedRho/euler2D_nacaCoarse_sc_n50_s05_aoa_leg
end.png  used on input line 65.
(pdftex.def)             Requested size: 148.55237pt x 151.36281pt.
<figs/varRho/euler2D_nacaCoarse_sc_n5_s05_aoa_var.png, id=176, 742.775pt x 756.
8275pt>
File: figs/varRho/euler2D_nacaCoarse_sc_n5_s05_aoa_var.png Graphic file (type p
ng)
<use figs/varRho/euler2D_nacaCoarse_sc_n5_s05_aoa_var.png>
Package pdftex.def Info: figs/varRho/euler2D_nacaCoarse_sc_n5_s05_aoa_var.png  
used on input line 76.
(pdftex.def)             Requested size: 148.55237pt x 151.36281pt.
<figs/varRho/euler2D_nacaCoarse_sg_n5_nq10_s05_aoa_var.png, id=177, 742.775pt x
 756.8275pt>
File: figs/varRho/euler2D_nacaCoarse_sg_n5_nq10_s05_aoa_var.png Graphic file (t
ype png)
<use figs/varRho/euler2D_nacaCoarse_sg_n5_nq10_s05_aoa_var.png>
Package pdftex.def Info: figs/varRho/euler2D_nacaCoarse_sg_n5_nq10_s05_aoa_var.
png  used on input line 81.
(pdftex.def)             Requested size: 148.55237pt x 151.36281pt.
<figs/varRho/euler2D_nacaCoarse_ipm_n5_nq10_s05_aoa_var.png, id=178, 742.775pt 
x 756.8275pt>
File: figs/varRho/euler2D_nacaCoarse_ipm_n5_nq10_s05_aoa_var.png Graphic file (
type png)
<use figs/varRho/euler2D_nacaCoarse_ipm_n5_nq10_s05_aoa_var.png>
Package pdftex.def Info: figs/varRho/euler2D_nacaCoarse_ipm_n5_nq10_s05_aoa_var
.png  used on input line 86.
(pdftex.def)             Requested size: 148.55237pt x 151.36281pt.
<figs/varRho/euler2D_nacaCoarse_caipm_n10_nq15_s05_aoa_var.png, id=179, 742.775
pt x 756.8275pt>
File: figs/varRho/euler2D_nacaCoarse_caipm_n10_nq15_s05_aoa_var.png Graphic fil
e (type png)
<use figs/varRho/euler2D_nacaCoarse_caipm_n10_nq15_s05_aoa_var.png>
Package pdftex.def Info: figs/varRho/euler2D_nacaCoarse_caipm_n10_nq15_s05_aoa_
var.png  used on input line 92.
(pdftex.def)             Requested size: 148.55237pt x 151.36281pt.
<figs/varRho/euler2D_nacaCoarse_caosipm_n10_nq15_s05_aoa_var.png, id=180, 742.7
75pt x 756.8275pt>
File: figs/varRho/euler2D_nacaCoarse_caosipm_n10_nq15_s05_aoa_var.png Graphic f
ile (type png)
<use figs/varRho/euler2D_nacaCoarse_caosipm_n10_nq15_s05_aoa_var.png>
Package pdftex.def Info: figs/varRho/euler2D_nacaCoarse_caosipm_n10_nq15_s05_ao
a_var.png  used on input line 97.
(pdftex.def)             Requested size: 148.55237pt x 151.36281pt.
<figs/varRho/euler2D_nacaCoarse_sc_n50_s05_aoa_var_legend.png, id=181, 742.775p
t x 756.8275pt>
File: figs/varRho/euler2D_nacaCoarse_sc_n50_s05_aoa_var_legend.png Graphic file
 (type png)
<use figs/varRho/euler2D_nacaCoarse_sc_n50_s05_aoa_var_legend.png>
Package pdftex.def Info: figs/varRho/euler2D_nacaCoarse_sc_n50_s05_aoa_var_lege
nd.png  used on input line 102.
(pdftex.def)             Requested size: 148.55237pt x 151.36281pt.
<figs/expectedRho/errors/euler2D_nacaCoarse_sc_n5_s05_aoa_error_legend.png, id=
182, 742.775pt x 756.8275pt>
File: figs/expectedRho/errors/euler2D_nacaCoarse_sc_n5_s05_aoa_error_legend.png
 Graphic file (type png)
<use figs/expectedRho/errors/euler2D_nacaCoarse_sc_n5_s05_aoa_error_legend.png>

Package pdftex.def Info: figs/expectedRho/errors/euler2D_nacaCoarse_sc_n5_s05_a
oa_error_legend.png  used on input line 114.
(pdftex.def)             Requested size: 148.55237pt x 151.36281pt.
<figs/expectedRho/errors/euler2D_nacaCoarse_sg_n5_nq10_s05_aoa_error_legend.png
, id=183, 742.775pt x 756.8275pt>
File: figs/expectedRho/errors/euler2D_nacaCoarse_sg_n5_nq10_s05_aoa_error_legen
d.png Graphic file (type png)
<use figs/expectedRho/errors/euler2D_nacaCoarse_sg_n5_nq10_s05_aoa_error_legend
.png>
Package pdftex.def Info: figs/expectedRho/errors/euler2D_nacaCoarse_sg_n5_nq10_
s05_aoa_error_legend.png  used on input line 119.
(pdftex.def)             Requested size: 148.55237pt x 151.36281pt.
<figs/expectedRho/errors/euler2D_nacaCoarse_ipm_n5_nq10_s05_aoa_error_legend.pn
g, id=184, 742.775pt x 756.8275pt>
File: figs/expectedRho/errors/euler2D_nacaCoarse_ipm_n5_nq10_s05_aoa_error_lege
nd.png Graphic file (type png)
<use figs/expectedRho/errors/euler2D_nacaCoarse_ipm_n5_nq10_s05_aoa_error_legen
d.png>
Package pdftex.def Info: figs/expectedRho/errors/euler2D_nacaCoarse_ipm_n5_nq10
_s05_aoa_error_legend.png  used on input line 124.
(pdftex.def)             Requested size: 148.55237pt x 151.36281pt.
<figs/expectedRho/errors/euler2D_nacaCoarse_caipm_n10_nq15_s05_aoa_error_legend
.png, id=185, 742.775pt x 756.8275pt>
File: figs/expectedRho/errors/euler2D_nacaCoarse_caipm_n10_nq15_s05_aoa_error_l
egend.png Graphic file (type png)
<use figs/expectedRho/errors/euler2D_nacaCoarse_caipm_n10_nq15_s05_aoa_error_le
gend.png>
Package pdftex.def Info: figs/expectedRho/errors/euler2D_nacaCoarse_caipm_n10_n
q15_s05_aoa_error_legend.png  used on input line 130.
(pdftex.def)             Requested size: 148.55237pt x 151.36281pt.
<figs/expectedRho/errors/euler2D_nacaCoarse_caosipm_n10_nq15_s05_aoa_error_lege
nd.png, id=186, 742.775pt x 756.8275pt>
File: figs/expectedRho/errors/euler2D_nacaCoarse_caosipm_n10_nq15_s05_aoa_error
_legend.png Graphic file (type png)
<use figs/expectedRho/errors/euler2D_nacaCoarse_caosipm_n10_nq15_s05_aoa_error_
legend.png>
Package pdftex.def Info: figs/expectedRho/errors/euler2D_nacaCoarse_caosipm_n10
_nq15_s05_aoa_error_legend.png  used on input line 135.
(pdftex.def)             Requested size: 148.55237pt x 151.36281pt.


LaTeX Warning: `!h' float specifier changed to `!ht'.

<figs/varRho/errors/euler2D_nacaCoarse_sc_n5_s05_aoa_var_error_legend.png, id=1
87, 742.775pt x 756.8275pt>
File: figs/varRho/errors/euler2D_nacaCoarse_sc_n5_s05_aoa_var_error_legend.png 
Graphic file (type png)
<use figs/varRho/errors/euler2D_nacaCoarse_sc_n5_s05_aoa_var_error_legend.png>
Package pdftex.def Info: figs/varRho/errors/euler2D_nacaCoarse_sc_n5_s05_aoa_va
r_error_legend.png  used on input line 146.
(pdftex.def)             Requested size: 148.55237pt x 151.36281pt.
<figs/varRho/errors/euler2D_nacaCoarse_sg_n5_nq10_s05_aoa_var_error_legend.png,
 id=188, 742.775pt x 756.8275pt>
File: figs/varRho/errors/euler2D_nacaCoarse_sg_n5_nq10_s05_aoa_var_error_legend
.png Graphic file (type png)
<use figs/varRho/errors/euler2D_nacaCoarse_sg_n5_nq10_s05_aoa_var_error_legend.
png>
Package pdftex.def Info: figs/varRho/errors/euler2D_nacaCoarse_sg_n5_nq10_s05_a
oa_var_error_legend.png  used on input line 151.
(pdftex.def)             Requested size: 148.55237pt x 151.36281pt.
<figs/varRho/errors/euler2D_nacaCoarse_ipm_n5_nq10_s05_aoa_var_error_legend.png
, id=189, 742.775pt x 756.8275pt>
File: figs/varRho/errors/euler2D_nacaCoarse_ipm_n5_nq10_s05_aoa_var_error_legen
d.png Graphic file (type png)
<use figs/varRho/errors/euler2D_nacaCoarse_ipm_n5_nq10_s05_aoa_var_error_legend
.png>
Package pdftex.def Info: figs/varRho/errors/euler2D_nacaCoarse_ipm_n5_nq10_s05_
aoa_var_error_legend.png  used on input line 156.
(pdftex.def)             Requested size: 148.55237pt x 151.36281pt.
<figs/varRho/errors/euler2D_nacaCoarse_caipm_n10_nq15_s05_aoa_var_error_legend.
png, id=190, 742.775pt x 756.8275pt>
File: figs/varRho/errors/euler2D_nacaCoarse_caipm_n10_nq15_s05_aoa_var_error_le
gend.png Graphic file (type png)
<use figs/varRho/errors/euler2D_nacaCoarse_caipm_n10_nq15_s05_aoa_var_error_leg
end.png>
Package pdftex.def Info: figs/varRho/errors/euler2D_nacaCoarse_caipm_n10_nq15_s
05_aoa_var_error_legend.png  used on input line 162.
(pdftex.def)             Requested size: 148.55237pt x 151.36281pt.
<figs/varRho/errors/euler2D_nacaCoarse_caosipm_n10_nq15_s05_aoa_var_error_legen
d.png, id=191, 742.775pt x 756.8275pt>
File: figs/varRho/errors/euler2D_nacaCoarse_caosipm_n10_nq15_s05_aoa_var_error_
legend.png Graphic file (type png)
<use figs/varRho/errors/euler2D_nacaCoarse_caosipm_n10_nq15_s05_aoa_var_error_l
egend.png>
Package pdftex.def Info: figs/varRho/errors/euler2D_nacaCoarse_caosipm_n10_nq15
_s05_aoa_var_error_legend.png  used on input line 167.
(pdftex.def)             Requested size: 148.55237pt x 151.36281pt.

LaTeX Warning: `!h' float specifier changed to `!ht'.

[12

 <./figs/expectedRho/euler2D_nacaCoarse_sc_n5_s05_aoa.png (PNG copy)> <./figs/e
xpectedRho/euler2D_nacaCoarse_sg_n5_nq10_s05_aoa.png (PNG copy)> <./figs/expect
edRho/euler2D_nacaCoarse_ipm_n5_nq10_s05_aoa.png (PNG copy)> <./figs/expectedRh
o/euler2D_nacaCoarse_caipm_n10_nq15_s05_aoa.png (PNG copy)> <./figs/expectedRho
/euler2D_nacaCoarse_caosipm_n10_nq15_s05_aoa.png (PNG copy)> <./figs/expectedRh
o/euler2D_nacaCoarse_sc_n50_s05_aoa_legend.png (PNG copy)> <./figs/varRho/euler
2D_nacaCoarse_sc_n5_s05_aoa_var.png (PNG copy)> <./figs/varRho/euler2D_nacaCoar
se_sg_n5_nq10_s05_aoa_var.png (PNG copy)> <./figs/varRho/euler2D_nacaCoarse_ipm
_n5_nq10_s05_aoa_var.png (PNG copy)> <./figs/varRho/euler2D_nacaCoarse_caipm_n1
0_nq15_s05_aoa_var.png (PNG copy)> <./figs/varRho/euler2D_nacaCoarse_caosipm_n1
0_nq15_s05_aoa_var.png (PNG copy)> <./figs/varRho/euler2D_nacaCoarse_sc_n50_s05
_aoa_var_legend.png (PNG copy)>] [13 <./figs/expectedRho/errors/euler2D_nacaCoa
rse_sc_n5_s05_aoa_error_legend.png (PNG copy)> <./figs/expectedRho/errors/euler
2D_nacaCoarse_sg_n5_nq10_s05_aoa_error_legend.png (PNG copy)> <./figs/expectedR
ho/errors/euler2D_nacaCoarse_ipm_n5_nq10_s05_aoa_error_legend.png (PNG copy)> <
./figs/expectedRho/errors/euler2D_nacaCoarse_caipm_n10_nq15_s05_aoa_error_legen
d.png (PNG copy)> <./figs/expectedRho/errors/euler2D_nacaCoarse_caosipm_n10_nq1
5_s05_aoa_error_legend.png (PNG copy)> <./figs/varRho/errors/euler2D_nacaCoarse
_sc_n5_s05_aoa_var_error_legend.png (PNG copy)> <./figs/varRho/errors/euler2D_n
acaCoarse_sg_n5_nq10_s05_aoa_var_error_legend.png (PNG copy)> <./figs/varRho/er
rors/euler2D_nacaCoarse_ipm_n5_nq10_s05_aoa_var_error_legend.png (PNG copy)> <.
/figs/varRho/errors/euler2D_nacaCoarse_caipm_n10_nq15_s05_aoa_var_error_legend.
png (PNG copy)> <./figs/varRho/errors/euler2D_nacaCoarse_caosipm_n10_nq15_s05_a
oa_var_error_legend.png (PNG copy)>]
*geometry* verbose mode - [ newgeometry ] result:
* driver: pdftex
* paper: custom
* layout: <same size as paper>
* layoutoffset:(h,v)=(0.0pt,0.0pt)
* modes: 
* h-part:(L,W,R)=(89.62709pt, 418.25368pt, 89.6271pt)
* v-part:(T,H,B)=(71.13188pt, 702.78308pt, 71.13188pt)
* \paperwidth=597.50787pt
* \paperheight=845.04684pt
* \textwidth=418.25368pt
* \textheight=702.78308pt
* \oddsidemargin=17.3571pt
* \evensidemargin=17.3571pt
* \topmargin=-63.1381pt
* \headheight=50.0pt
* \headsep=12.0pt
* \topskip=10.0pt
* \footskip=18.0pt
* \marginparwidth=65.0pt
* \marginparsep=11.0pt
* \columnsep=24.0pt
* \skip\footins=24.0pt plus 2.0pt minus 12.0pt
* \hoffset=0.0pt
* \voffset=0.0pt
* \mag=1000
* \@twocolumnfalse
* \@twosidefalse
* \@mparswitchfalse
* \@reversemarginfalse
* (1in=72.27pt=25.4mm, 1cm=28.453pt)

) (./summary_outlook.tex) [14

]
(./main.bbl) [15] (./main.aux)

LaTeX Warning: There were multiply-defined labels.

 ) 
Here is how much of TeX's memory you used:
 15710 strings out of 492616
 283100 string characters out of 6135177
 493417 words of memory out of 5000000
 19423 multiletter control sequences out of 15000+600000
 543786 words of font info for 65 fonts, out of 8000000 for 9000
 1141 hyphenation exceptions out of 8191
 42i,16n,63p,1227b,405s stack positions out of 5000i,500n,10000p,200000b,80000s
</usr/share/texmf-dist/fonts/type1/public/amsfonts/cm/cmbx10.pfb></usr/share/
texmf-dist/fonts/type1/public/amsfonts/cm/cmbx7.pfb></usr/share/texmf-dist/font
s/type1/public/amsfonts/cm/cmex10.pfb></usr/share/texmf-dist/fonts/type1/public
/amsfonts/cm/cmmi10.pfb></usr/share/texmf-dist/fonts/type1/public/amsfonts/cm/c
mmi5.pfb></usr/share/texmf-dist/fonts/type1/public/amsfonts/cm/cmmi7.pfb></usr/
share/texmf-dist/fonts/type1/public/amsfonts/cm/cmmi8.pfb></usr/share/texmf-dis
t/fonts/type1/public/amsfonts/cm/cmmib10.pfb></usr/share/texmf-dist/fonts/type1
/public/amsfonts/cmextra/cmmib5.pfb></usr/share/texmf-dist/fonts/type1/public/a
msfonts/cmextra/cmmib7.pfb></usr/share/texmf-dist/fonts/type1/public/amsfonts/c
m/cmr10.pfb></usr/share/texmf-dist/fonts/type1/public/amsfonts/cm/cmr12.pfb></u
sr/share/texmf-dist/fonts/type1/public/amsfonts/cm/cmr5.pfb></usr/share/texmf-d
ist/fonts/type1/public/amsfonts/cm/cmr7.pfb></usr/share/texmf-dist/fonts/type1/
public/amsfonts/cm/cmr8.pfb></usr/share/texmf-dist/fonts/type1/public/amsfonts/
cm/cmsy10.pfb></usr/share/texmf-dist/fonts/type1/public/amsfonts/cm/cmsy5.pfb><
/usr/share/texmf-dist/fonts/type1/public/amsfonts/cm/cmsy7.pfb></usr/share/texm
f-dist/fonts/type1/public/amsfonts/cm/cmti10.pfb></usr/share/texmf-dist/fonts/t
ype1/public/amsfonts/cm/cmti7.pfb></usr/share/texmf-dist/fonts/type1/public/ams
fonts/cm/cmti8.pfb></usr/share/texmf-dist/fonts/type1/public/amsfonts/symbols/m
sbm10.pfb></usr/share/texmf-dist/fonts/type1/public/amsfonts/symbols/msbm7.pfb>

Output written on main.pdf (15 pages, 1586947 bytes).
PDF statistics:
 279 PDF objects out of 1000 (max. 8388607)
 121 compressed objects within 2 object streams
 0 named destinations out of 1000 (max. 500000)
 126 words of extra memory for PDF output out of 10000 (max. 10000000)

